<?xml version="1.0" encoding="UTF-8"?>
<!-- Generated by org.testng.reporters.JUnitReportReporter -->
<testsuite hostname="AdeshBarbade" failures="0" tests="2" name="com.test.Loginpagetest" time="46.749" errors="0" timestamp="2022-11-19T10:49:15 IST" skipped="0">
  <testcase classname="com.test.Loginpagetest" name="validLoginPagewithConfigDataTest" time="14.704"/>
  <system-out/>
  <testcase classname="com.test.Loginpagetest" name="validLoginPageWithXlsxDataTest" time="32.045"/>
  <system-out/>
</testsuite> <!-- com.test.Loginpagetest -->
