<?xml version="1.0" encoding="UTF-8"?>
<!-- Generated by org.testng.reporters.JUnitReportReporter -->
<testsuite hostname="AdeshBarbade" failures="0" tests="1" name="com.test.Browser" time="1.709" errors="0" timestamp="2022-11-19T10:49:15 IST" skipped="0">
  <testcase classname="com.test.Browser" name="Login" time="1.709"/>
  <system-out/>
</testsuite> <!-- com.test.Browser -->
