<?xml version="1.0" encoding="UTF-8"?>
<!-- Generated by org.testng.reporters.JUnitReportReporter -->
<testsuite hostname="AdeshBarbade" failures="0" tests="1" name="com.test.FindFriend" time="11.186" errors="0" timestamp="2022-10-02T21:40:44 IST" skipped="0">
  <testcase classname="com.test.FindFriend" name="FriendFindPost" time="11.186"/>
  <system-out/>
</testsuite> <!-- com.test.FindFriend -->
