<?xml version="1.0" encoding="UTF-8"?>
<!-- Generated by org.testng.reporters.JUnitReportReporter -->
<testsuite hostname="AdeshBarbade" failures="0" tests="1" name="com.test.FindFriendTest" time="9.671" errors="0" timestamp="2022-11-19T10:49:15 IST" skipped="0">
  <testcase classname="com.test.FindFriendTest" name="FriendFindPost" time="9.671"/>
  <system-out/>
</testsuite> <!-- com.test.FindFriendTest -->
