<?xml version="1.0" encoding="UTF-8"?>
<!-- Generated by org.testng.reporters.JUnitReportReporter -->
<testsuite hostname="AdeshBarbade" failures="0" tests="1" name="com.test.ProfilevideoTest" time="23.732" errors="0" timestamp="2022-10-09T21:48:46 IST" skipped="0">
  <testcase classname="com.test.ProfilevideoTest" name="likePost" time="23.732"/>
  <system-out/>
</testsuite> <!-- com.test.ProfilevideoTest -->
