<?xml version="1.0" encoding="UTF-8"?>
<!-- Generated by org.testng.reporters.JUnitReportReporter -->
<testsuite hostname="AdeshBarbade" failures="0" tests="1" name="com.test.MarketPlaceTest" time="17.558" errors="0" timestamp="2022-11-19T10:49:15 IST" skipped="0">
  <testcase classname="com.test.MarketPlaceTest" name="MarketPlacePost" time="17.558"/>
  <system-out/>
</testsuite> <!-- com.test.MarketPlaceTest -->
